Analysis & Synthesis report for ReactionTimer
Wed Dec  6 16:53:27 2023
Quartus Prime Version 22.1std.2 Build 922 07/20/2023 SC Lite Edition


---------------------
; Table of Contents ;
---------------------
  1. Legal Notice
  2. Analysis & Synthesis Summary
  3. Analysis & Synthesis Settings
  4. Parallel Compilation
  5. Analysis & Synthesis Source Files Read
  6. Analysis & Synthesis Resource Usage Summary
  7. Analysis & Synthesis Resource Utilization by Entity
  8. State Machine - |ReactionTImerTop|State
  9. User-Specified and Inferred Latches
 10. Registers Removed During Synthesis
 11. General Register Statistics
 12. Inverted Register Statistics
 13. Multiplexer Restructuring Statistics (Restructuring Performed)
 14. Parameter Settings for User Entity Instance: Debouncer:instance11
 15. Parameter Settings for User Entity Instance: Debouncer:instance12
 16. Parameter Settings for User Entity Instance: Debouncer:instance13
 17. Parameter Settings for User Entity Instance: Debouncer:instance14
 18. Port Connectivity Checks: "LFSR:instance2|TT1MUX:instance31"
 19. Port Connectivity Checks: "LFSR:instance2|TT1MUX:instance30"
 20. Port Connectivity Checks: "LFSR:instance2|TT1MUX:instance29"
 21. Port Connectivity Checks: "LFSR:instance2|TT1MUX:instance28"
 22. Port Connectivity Checks: "LFSR:instance2|TT1MUX:instance27"
 23. Port Connectivity Checks: "LFSR:instance2|TT1MUX:instance26"
 24. Port Connectivity Checks: "LFSR:instance2|TT1MUX:instance25"
 25. Port Connectivity Checks: "LFSR:instance2|TT1MUX:instance24"
 26. Port Connectivity Checks: "LFSR:instance2|TT1MUX:instance15"
 27. Port Connectivity Checks: "LFSR:instance2|TT1MUX:instance14"
 28. Port Connectivity Checks: "LFSR:instance2|TT1MUX:instance13"
 29. Port Connectivity Checks: "LFSR:instance2|TT1MUX:instance12"
 30. Port Connectivity Checks: "LFSR:instance2|TT1MUX:instance11"
 31. Port Connectivity Checks: "LFSR:instance2|TT1MUX:instance10"
 32. Port Connectivity Checks: "LFSR:instance2|TT1MUX:instance9"
 33. Port Connectivity Checks: "LFSR:instance2|TT1MUX:instance8"
 34. Post-Synthesis Netlist Statistics for Top Partition
 35. Elapsed Time Per Partition
 36. Analysis & Synthesis Messages



----------------
; Legal Notice ;
----------------
Copyright (C) 2023  Intel Corporation. All rights reserved.
Your use of Intel Corporation's design tools, logic functions 
and other software and tools, and any partner logic 
functions, and any output files from any of the foregoing 
(including device programming or simulation files), and any 
associated documentation or information are expressly subject 
to the terms and conditions of the Intel Program License 
Subscription Agreement, the Intel Quartus Prime License Agreement,
the Intel FPGA IP License Agreement, or other applicable license
agreement, including, without limitation, that your use is for
the sole purpose of programming logic devices manufactured by
Intel and sold by Intel or its authorized distributors.  Please
refer to the applicable agreement for further details, at
https://fpgasoftware.intel.com/eula.



+-------------------------------------------------------------------------------------+
; Analysis & Synthesis Summary                                                        ;
+------------------------------------+------------------------------------------------+
; Analysis & Synthesis Status        ; Successful - Wed Dec  6 16:53:27 2023          ;
; Quartus Prime Version              ; 22.1std.2 Build 922 07/20/2023 SC Lite Edition ;
; Revision Name                      ; ReactionTimer                                  ;
; Top-level Entity Name              ; ReactionTImerTop                               ;
; Family                             ; Cyclone IV E                                   ;
; Total logic elements               ; 720                                            ;
;     Total combinational functions  ; 690                                            ;
;     Dedicated logic registers      ; 307                                            ;
; Total registers                    ; 307                                            ;
; Total pins                         ; 79                                             ;
; Total virtual pins                 ; 0                                              ;
; Total memory bits                  ; 0                                              ;
; Embedded Multiplier 9-bit elements ; 0                                              ;
; Total PLLs                         ; 0                                              ;
+------------------------------------+------------------------------------------------+


+------------------------------------------------------------------------------------------------------------+
; Analysis & Synthesis Settings                                                                              ;
+------------------------------------------------------------------+--------------------+--------------------+
; Option                                                           ; Setting            ; Default Value      ;
+------------------------------------------------------------------+--------------------+--------------------+
; Device                                                           ; EP4CE115F29C7      ;                    ;
; Top-level entity name                                            ; ReactionTImerTop   ; ReactionTimer      ;
; Family name                                                      ; Cyclone IV E       ; Cyclone V          ;
; Use smart compilation                                            ; Off                ; Off                ;
; Enable parallel Assembler and Timing Analyzer during compilation ; On                 ; On                 ;
; Enable compact report table                                      ; Off                ; Off                ;
; Restructure Multiplexers                                         ; Auto               ; Auto               ;
; Create Debugging Nodes for IP Cores                              ; Off                ; Off                ;
; Preserve fewer node names                                        ; On                 ; On                 ;
; Intel FPGA IP Evaluation Mode                                    ; Enable             ; Enable             ;
; Verilog Version                                                  ; Verilog_2001       ; Verilog_2001       ;
; VHDL Version                                                     ; VHDL_1993          ; VHDL_1993          ;
; State Machine Processing                                         ; Auto               ; Auto               ;
; Safe State Machine                                               ; Off                ; Off                ;
; Extract Verilog State Machines                                   ; On                 ; On                 ;
; Extract VHDL State Machines                                      ; On                 ; On                 ;
; Ignore Verilog initial constructs                                ; Off                ; Off                ;
; Iteration limit for constant Verilog loops                       ; 5000               ; 5000               ;
; Iteration limit for non-constant Verilog loops                   ; 250                ; 250                ;
; Add Pass-Through Logic to Inferred RAMs                          ; On                 ; On                 ;
; Infer RAMs from Raw Logic                                        ; On                 ; On                 ;
; Parallel Synthesis                                               ; On                 ; On                 ;
; DSP Block Balancing                                              ; Auto               ; Auto               ;
; NOT Gate Push-Back                                               ; On                 ; On                 ;
; Power-Up Don't Care                                              ; On                 ; On                 ;
; Remove Redundant Logic Cells                                     ; Off                ; Off                ;
; Remove Duplicate Registers                                       ; On                 ; On                 ;
; Ignore CARRY Buffers                                             ; Off                ; Off                ;
; Ignore CASCADE Buffers                                           ; Off                ; Off                ;
; Ignore GLOBAL Buffers                                            ; Off                ; Off                ;
; Ignore ROW GLOBAL Buffers                                        ; Off                ; Off                ;
; Ignore LCELL Buffers                                             ; Off                ; Off                ;
; Ignore SOFT Buffers                                              ; On                 ; On                 ;
; Limit AHDL Integers to 32 Bits                                   ; Off                ; Off                ;
; Optimization Technique                                           ; Balanced           ; Balanced           ;
; Carry Chain Length                                               ; 70                 ; 70                 ;
; Auto Carry Chains                                                ; On                 ; On                 ;
; Auto Open-Drain Pins                                             ; On                 ; On                 ;
; Perform WYSIWYG Primitive Resynthesis                            ; Off                ; Off                ;
; Auto ROM Replacement                                             ; On                 ; On                 ;
; Auto RAM Replacement                                             ; On                 ; On                 ;
; Auto DSP Block Replacement                                       ; On                 ; On                 ;
; Auto Shift Register Replacement                                  ; Auto               ; Auto               ;
; Allow Shift Register Merging across Hierarchies                  ; Auto               ; Auto               ;
; Auto Clock Enable Replacement                                    ; On                 ; On                 ;
; Strict RAM Replacement                                           ; Off                ; Off                ;
; Allow Synchronous Control Signals                                ; On                 ; On                 ;
; Force Use of Synchronous Clear Signals                           ; Off                ; Off                ;
; Auto RAM Block Balancing                                         ; On                 ; On                 ;
; Auto RAM to Logic Cell Conversion                                ; Off                ; Off                ;
; Auto Resource Sharing                                            ; Off                ; Off                ;
; Allow Any RAM Size For Recognition                               ; Off                ; Off                ;
; Allow Any ROM Size For Recognition                               ; Off                ; Off                ;
; Allow Any Shift Register Size For Recognition                    ; Off                ; Off                ;
; Use LogicLock Constraints during Resource Balancing              ; On                 ; On                 ;
; Ignore translate_off and synthesis_off directives                ; Off                ; Off                ;
; Timing-Driven Synthesis                                          ; On                 ; On                 ;
; Report Parameter Settings                                        ; On                 ; On                 ;
; Report Source Assignments                                        ; On                 ; On                 ;
; Report Connectivity Checks                                       ; On                 ; On                 ;
; Ignore Maximum Fan-Out Assignments                               ; Off                ; Off                ;
; Synchronization Register Chain Length                            ; 2                  ; 2                  ;
; Power Optimization During Synthesis                              ; Normal compilation ; Normal compilation ;
; HDL message level                                                ; Level2             ; Level2             ;
; Suppress Register Optimization Related Messages                  ; Off                ; Off                ;
; Number of Removed Registers Reported in Synthesis Report         ; 5000               ; 5000               ;
; Number of Swept Nodes Reported in Synthesis Report               ; 5000               ; 5000               ;
; Number of Inverted Registers Reported in Synthesis Report        ; 100                ; 100                ;
; Clock MUX Protection                                             ; On                 ; On                 ;
; Auto Gated Clock Conversion                                      ; Off                ; Off                ;
; Block Design Naming                                              ; Auto               ; Auto               ;
; SDC constraint protection                                        ; Off                ; Off                ;
; Synthesis Effort                                                 ; Auto               ; Auto               ;
; Shift Register Replacement - Allow Asynchronous Clear Signal     ; On                 ; On                 ;
; Pre-Mapping Resynthesis Optimization                             ; Off                ; Off                ;
; Analysis & Synthesis Message Level                               ; Medium             ; Medium             ;
; Disable Register Merging Across Hierarchies                      ; Auto               ; Auto               ;
; Resource Aware Inference For Block RAM                           ; On                 ; On                 ;
+------------------------------------------------------------------+--------------------+--------------------+


+------------------------------------------+
; Parallel Compilation                     ;
+----------------------------+-------------+
; Processors                 ; Number      ;
+----------------------------+-------------+
; Number detected on machine ; 20          ;
; Maximum allowed            ; 14          ;
;                            ;             ;
; Average used               ; 1.00        ;
; Maximum used               ; 14          ;
;                            ;             ;
; Usage by Processor         ; % Time Used ;
;     Processor 1            ; 100.0%      ;
;     Processor 2            ;   0.0%      ;
;     Processors 3-14        ;   0.0%      ;
+----------------------------+-------------+


+------------------------------------------------------------------------------------------------------------------------------------------------------------------------+
; Analysis & Synthesis Source Files Read                                                                                                                                 ;
+----------------------------------+-----------------+-----------------------+---------------------------------------------------------------------------------+---------+
; File Name with User-Entered Path ; Used in Netlist ; File Type             ; File Name with Absolute Path                                                    ; Library ;
+----------------------------------+-----------------+-----------------------+---------------------------------------------------------------------------------+---------+
; D_FF.vhd                         ; yes             ; User VHDL File        ; C:/Users/steve/OneDrive/Desktop/Reaction-Timer-Steven/code/D_FF.vhd             ;         ;
; encoder32.vhd                    ; yes             ; User VHDL File        ; C:/Users/steve/OneDrive/Desktop/Reaction-Timer-Steven/code/encoder32.vhd        ;         ;
; SegDecoder.vhd                   ; yes             ; User VHDL File        ; C:/Users/steve/OneDrive/Desktop/Reaction-Timer-Steven/code/SegDecoder.vhd       ;         ;
; PreScaler.vhd                    ; yes             ; User VHDL File        ; C:/Users/steve/OneDrive/Desktop/Reaction-Timer-Steven/code/PreScaler.vhd        ;         ;
; LFSR.vhd                         ; yes             ; User VHDL File        ; C:/Users/steve/OneDrive/Desktop/Reaction-Timer-Steven/code/LFSR.vhd             ;         ;
; BCDNum.vhd                       ; yes             ; User VHDL File        ; C:/Users/steve/OneDrive/Desktop/Reaction-Timer-Steven/code/BCDNum.vhd           ;         ;
; BCDCount2.vhd                    ; yes             ; User VHDL File        ; C:/Users/steve/OneDrive/Desktop/Reaction-Timer-Steven/code/BCDCount2.vhd        ;         ;
; Debouncer.vhd                    ; yes             ; User VHDL File        ; C:/Users/steve/OneDrive/Desktop/Reaction-Timer-Steven/code/Debouncer.vhd        ;         ;
; TT1MUX.vhd                       ; yes             ; User VHDL File        ; C:/Users/steve/OneDrive/Desktop/Reaction-Timer-Steven/code/TT1MUX.vhd           ;         ;
; ReactionTImerTop.vhd             ; yes             ; User VHDL File        ; C:/Users/steve/OneDrive/Desktop/Reaction-Timer-Steven/code/ReactionTImerTop.vhd ;         ;
; prescale.vhd                     ; yes             ; Auto-Found VHDL File  ; C:/Users/steve/OneDrive/Desktop/Reaction-Timer-Steven/code/prescale.vhd         ;         ;
+----------------------------------+-----------------+-----------------------+---------------------------------------------------------------------------------+---------+


+--------------------------------------------------------------+
; Analysis & Synthesis Resource Usage Summary                  ;
+---------------------------------------------+----------------+
; Resource                                    ; Usage          ;
+---------------------------------------------+----------------+
; Estimated Total logic elements              ; 720            ;
;                                             ;                ;
; Total combinational functions               ; 690            ;
; Logic element usage by number of LUT inputs ;                ;
;     -- 4 input functions                    ; 195            ;
;     -- 3 input functions                    ; 218            ;
;     -- <=2 input functions                  ; 277            ;
;                                             ;                ;
; Logic elements by mode                      ;                ;
;     -- normal mode                          ; 431            ;
;     -- arithmetic mode                      ; 259            ;
;                                             ;                ;
; Total registers                             ; 307            ;
;     -- Dedicated logic registers            ; 307            ;
;     -- I/O registers                        ; 0              ;
;                                             ;                ;
; I/O pins                                    ; 79             ;
;                                             ;                ;
; Embedded Multiplier 9-bit elements          ; 0              ;
;                                             ;                ;
; Maximum fan-out node                        ; clock_50~input ;
; Maximum fan-out                             ; 254            ;
; Total fan-out                               ; 2833           ;
; Average fan-out                             ; 2.45           ;
+---------------------------------------------+----------------+


+------------------------------------------------------------------------------------------------------------------------------------------------------------------------------------------------------------------------------------------------------+
; Analysis & Synthesis Resource Utilization by Entity                                                                                                                                                                                                  ;
+-----------------------------+---------------------+---------------------------+-------------+--------------+---------+-----------+------+--------------+-----------------------------------------------------------+------------------+--------------+
; Compilation Hierarchy Node  ; Combinational ALUTs ; Dedicated Logic Registers ; Memory Bits ; DSP Elements ; DSP 9x9 ; DSP 18x18 ; Pins ; Virtual Pins ; Full Hierarchy Name                                       ; Entity Name      ; Library Name ;
+-----------------------------+---------------------+---------------------------+-------------+--------------+---------+-----------+------+--------------+-----------------------------------------------------------+------------------+--------------+
; |ReactionTImerTop           ; 690 (105)           ; 307 (45)                  ; 0           ; 0            ; 0       ; 0         ; 79   ; 0            ; |ReactionTImerTop                                         ; ReactionTImerTop ; work         ;
;    |BCDCount2:instance6|    ; 11 (11)             ; 8 (8)                     ; 0           ; 0            ; 0       ; 0         ; 0    ; 0            ; |ReactionTImerTop|BCDCount2:instance6                     ; BCDCount2        ; work         ;
;    |BCDNum:instance10|      ; 35 (35)             ; 0 (0)                     ; 0           ; 0            ; 0       ; 0         ; 0    ; 0            ; |ReactionTImerTop|BCDNum:instance10                       ; BCDNum           ; work         ;
;    |BCDNum:instance9|       ; 33 (33)             ; 0 (0)                     ; 0           ; 0            ; 0       ; 0         ; 0    ; 0            ; |ReactionTImerTop|BCDNum:instance9                        ; BCDNum           ; work         ;
;    |Debouncer:instance11|   ; 75 (75)             ; 33 (33)                   ; 0           ; 0            ; 0       ; 0         ; 0    ; 0            ; |ReactionTImerTop|Debouncer:instance11                    ; Debouncer        ; work         ;
;    |Debouncer:instance12|   ; 75 (75)             ; 33 (33)                   ; 0           ; 0            ; 0       ; 0         ; 0    ; 0            ; |ReactionTImerTop|Debouncer:instance12                    ; Debouncer        ; work         ;
;    |Debouncer:instance13|   ; 75 (75)             ; 33 (33)                   ; 0           ; 0            ; 0       ; 0         ; 0    ; 0            ; |ReactionTImerTop|Debouncer:instance13                    ; Debouncer        ; work         ;
;    |Debouncer:instance14|   ; 75 (75)             ; 33 (33)                   ; 0           ; 0            ; 0       ; 0         ; 0    ; 0            ; |ReactionTImerTop|Debouncer:instance14                    ; Debouncer        ; work         ;
;    |LFSR:instance2|         ; 18 (3)              ; 24 (8)                    ; 0           ; 0            ; 0       ; 0         ; 0    ; 0            ; |ReactionTImerTop|LFSR:instance2                          ; LFSR             ; work         ;
;       |D_FF:instance0|      ; 0 (0)               ; 1 (1)                     ; 0           ; 0            ; 0       ; 0         ; 0    ; 0            ; |ReactionTImerTop|LFSR:instance2|D_FF:instance0           ; D_FF             ; work         ;
;       |D_FF:instance16|     ; 0 (0)               ; 1 (1)                     ; 0           ; 0            ; 0       ; 0         ; 0    ; 0            ; |ReactionTImerTop|LFSR:instance2|D_FF:instance16          ; D_FF             ; work         ;
;       |D_FF:instance17|     ; 0 (0)               ; 1 (1)                     ; 0           ; 0            ; 0       ; 0         ; 0    ; 0            ; |ReactionTImerTop|LFSR:instance2|D_FF:instance17          ; D_FF             ; work         ;
;       |D_FF:instance18|     ; 0 (0)               ; 1 (1)                     ; 0           ; 0            ; 0       ; 0         ; 0    ; 0            ; |ReactionTImerTop|LFSR:instance2|D_FF:instance18          ; D_FF             ; work         ;
;       |D_FF:instance19|     ; 0 (0)               ; 1 (1)                     ; 0           ; 0            ; 0       ; 0         ; 0    ; 0            ; |ReactionTImerTop|LFSR:instance2|D_FF:instance19          ; D_FF             ; work         ;
;       |D_FF:instance1|      ; 0 (0)               ; 1 (1)                     ; 0           ; 0            ; 0       ; 0         ; 0    ; 0            ; |ReactionTImerTop|LFSR:instance2|D_FF:instance1           ; D_FF             ; work         ;
;       |D_FF:instance20|     ; 0 (0)               ; 1 (1)                     ; 0           ; 0            ; 0       ; 0         ; 0    ; 0            ; |ReactionTImerTop|LFSR:instance2|D_FF:instance20          ; D_FF             ; work         ;
;       |D_FF:instance21|     ; 0 (0)               ; 1 (1)                     ; 0           ; 0            ; 0       ; 0         ; 0    ; 0            ; |ReactionTImerTop|LFSR:instance2|D_FF:instance21          ; D_FF             ; work         ;
;       |D_FF:instance22|     ; 0 (0)               ; 1 (1)                     ; 0           ; 0            ; 0       ; 0         ; 0    ; 0            ; |ReactionTImerTop|LFSR:instance2|D_FF:instance22          ; D_FF             ; work         ;
;       |D_FF:instance23|     ; 0 (0)               ; 1 (1)                     ; 0           ; 0            ; 0       ; 0         ; 0    ; 0            ; |ReactionTImerTop|LFSR:instance2|D_FF:instance23          ; D_FF             ; work         ;
;       |D_FF:instance2|      ; 0 (0)               ; 1 (1)                     ; 0           ; 0            ; 0       ; 0         ; 0    ; 0            ; |ReactionTImerTop|LFSR:instance2|D_FF:instance2           ; D_FF             ; work         ;
;       |D_FF:instance3|      ; 0 (0)               ; 1 (1)                     ; 0           ; 0            ; 0       ; 0         ; 0    ; 0            ; |ReactionTImerTop|LFSR:instance2|D_FF:instance3           ; D_FF             ; work         ;
;       |D_FF:instance4|      ; 0 (0)               ; 1 (1)                     ; 0           ; 0            ; 0       ; 0         ; 0    ; 0            ; |ReactionTImerTop|LFSR:instance2|D_FF:instance4           ; D_FF             ; work         ;
;       |D_FF:instance5|      ; 0 (0)               ; 1 (1)                     ; 0           ; 0            ; 0       ; 0         ; 0    ; 0            ; |ReactionTImerTop|LFSR:instance2|D_FF:instance5           ; D_FF             ; work         ;
;       |D_FF:instance6|      ; 0 (0)               ; 1 (1)                     ; 0           ; 0            ; 0       ; 0         ; 0    ; 0            ; |ReactionTImerTop|LFSR:instance2|D_FF:instance6           ; D_FF             ; work         ;
;       |D_FF:instance7|      ; 0 (0)               ; 1 (1)                     ; 0           ; 0            ; 0       ; 0         ; 0    ; 0            ; |ReactionTImerTop|LFSR:instance2|D_FF:instance7           ; D_FF             ; work         ;
;       |TT1MUX:instance10|   ; 1 (1)               ; 0 (0)                     ; 0           ; 0            ; 0       ; 0         ; 0    ; 0            ; |ReactionTImerTop|LFSR:instance2|TT1MUX:instance10        ; TT1MUX           ; work         ;
;       |TT1MUX:instance11|   ; 1 (1)               ; 0 (0)                     ; 0           ; 0            ; 0       ; 0         ; 0    ; 0            ; |ReactionTImerTop|LFSR:instance2|TT1MUX:instance11        ; TT1MUX           ; work         ;
;       |TT1MUX:instance12|   ; 1 (1)               ; 0 (0)                     ; 0           ; 0            ; 0       ; 0         ; 0    ; 0            ; |ReactionTImerTop|LFSR:instance2|TT1MUX:instance12        ; TT1MUX           ; work         ;
;       |TT1MUX:instance13|   ; 1 (1)               ; 0 (0)                     ; 0           ; 0            ; 0       ; 0         ; 0    ; 0            ; |ReactionTImerTop|LFSR:instance2|TT1MUX:instance13        ; TT1MUX           ; work         ;
;       |TT1MUX:instance14|   ; 1 (1)               ; 0 (0)                     ; 0           ; 0            ; 0       ; 0         ; 0    ; 0            ; |ReactionTImerTop|LFSR:instance2|TT1MUX:instance14        ; TT1MUX           ; work         ;
;       |TT1MUX:instance15|   ; 1 (1)               ; 0 (0)                     ; 0           ; 0            ; 0       ; 0         ; 0    ; 0            ; |ReactionTImerTop|LFSR:instance2|TT1MUX:instance15        ; TT1MUX           ; work         ;
;       |TT1MUX:instance24|   ; 1 (1)               ; 0 (0)                     ; 0           ; 0            ; 0       ; 0         ; 0    ; 0            ; |ReactionTImerTop|LFSR:instance2|TT1MUX:instance24        ; TT1MUX           ; work         ;
;       |TT1MUX:instance25|   ; 1 (1)               ; 0 (0)                     ; 0           ; 0            ; 0       ; 0         ; 0    ; 0            ; |ReactionTImerTop|LFSR:instance2|TT1MUX:instance25        ; TT1MUX           ; work         ;
;       |TT1MUX:instance26|   ; 1 (1)               ; 0 (0)                     ; 0           ; 0            ; 0       ; 0         ; 0    ; 0            ; |ReactionTImerTop|LFSR:instance2|TT1MUX:instance26        ; TT1MUX           ; work         ;
;       |TT1MUX:instance27|   ; 1 (1)               ; 0 (0)                     ; 0           ; 0            ; 0       ; 0         ; 0    ; 0            ; |ReactionTImerTop|LFSR:instance2|TT1MUX:instance27        ; TT1MUX           ; work         ;
;       |TT1MUX:instance28|   ; 1 (1)               ; 0 (0)                     ; 0           ; 0            ; 0       ; 0         ; 0    ; 0            ; |ReactionTImerTop|LFSR:instance2|TT1MUX:instance28        ; TT1MUX           ; work         ;
;       |TT1MUX:instance29|   ; 1 (1)               ; 0 (0)                     ; 0           ; 0            ; 0       ; 0         ; 0    ; 0            ; |ReactionTImerTop|LFSR:instance2|TT1MUX:instance29        ; TT1MUX           ; work         ;
;       |TT1MUX:instance30|   ; 1 (1)               ; 0 (0)                     ; 0           ; 0            ; 0       ; 0         ; 0    ; 0            ; |ReactionTImerTop|LFSR:instance2|TT1MUX:instance30        ; TT1MUX           ; work         ;
;       |TT1MUX:instance31|   ; 1 (1)               ; 0 (0)                     ; 0           ; 0            ; 0       ; 0         ; 0    ; 0            ; |ReactionTImerTop|LFSR:instance2|TT1MUX:instance31        ; TT1MUX           ; work         ;
;       |TT1MUX:instance9|    ; 1 (1)               ; 0 (0)                     ; 0           ; 0            ; 0       ; 0         ; 0    ; 0            ; |ReactionTImerTop|LFSR:instance2|TT1MUX:instance9         ; TT1MUX           ; work         ;
;    |PreScale:instance1|     ; 24 (24)             ; 25 (25)                   ; 0           ; 0            ; 0       ; 0         ; 0    ; 0            ; |ReactionTImerTop|PreScale:instance1                      ; PreScale         ; work         ;
;    |PreScaler:instance5|    ; 130 (125)           ; 73 (73)                   ; 0           ; 0            ; 0       ; 0         ; 0    ; 0            ; |ReactionTImerTop|PreScaler:instance5                     ; PreScaler        ; work         ;
;       |encoder32:instance1| ; 5 (5)               ; 0 (0)                     ; 0           ; 0            ; 0       ; 0         ; 0    ; 0            ; |ReactionTImerTop|PreScaler:instance5|encoder32:instance1 ; encoder32        ; work         ;
;    |SegDecoder:instance3|   ; 10 (10)             ; 0 (0)                     ; 0           ; 0            ; 0       ; 0         ; 0    ; 0            ; |ReactionTImerTop|SegDecoder:instance3                    ; SegDecoder       ; work         ;
;    |SegDecoder:instance4|   ; 7 (7)               ; 0 (0)                     ; 0           ; 0            ; 0       ; 0         ; 0    ; 0            ; |ReactionTImerTop|SegDecoder:instance4                    ; SegDecoder       ; work         ;
;    |SegDecoder:instance7|   ; 10 (10)             ; 0 (0)                     ; 0           ; 0            ; 0       ; 0         ; 0    ; 0            ; |ReactionTImerTop|SegDecoder:instance7                    ; SegDecoder       ; work         ;
;    |SegDecoder:instance8|   ; 7 (7)               ; 0 (0)                     ; 0           ; 0            ; 0       ; 0         ; 0    ; 0            ; |ReactionTImerTop|SegDecoder:instance8                    ; SegDecoder       ; work         ;
+-----------------------------+---------------------+---------------------------+-------------+--------------+---------+-----------+------+--------------+-----------------------------------------------------------+------------------+--------------+
Note: For table entries with two numbers listed, the numbers in parentheses indicate the number of resources of the given type used by the specific entity alone. The numbers listed outside of parentheses indicate the total resources of the given type used by the specific entity and all of its sub-entities in the hierarchy.


Encoding Type:  One-Hot
+----------------------------------------------------------------------------------------------------------------------------+
; State Machine - |ReactionTImerTop|State                                                                                    ;
+------------------+--------------+---------------+-------------+--------------+---------------+------------------+----------+
; Name             ; State.P2Stop ; State.P2Start ; State.Clear ; State.P1Stop ; State.P1Start ; State.Initialize ; State.DW ;
+------------------+--------------+---------------+-------------+--------------+---------------+------------------+----------+
; State.DW         ; 0            ; 0             ; 0           ; 0            ; 0             ; 0                ; 0        ;
; State.Initialize ; 0            ; 0             ; 0           ; 0            ; 0             ; 1                ; 1        ;
; State.P1Start    ; 0            ; 0             ; 0           ; 0            ; 1             ; 0                ; 1        ;
; State.P1Stop     ; 0            ; 0             ; 0           ; 1            ; 0             ; 0                ; 1        ;
; State.Clear      ; 0            ; 0             ; 1           ; 0            ; 0             ; 0                ; 1        ;
; State.P2Start    ; 0            ; 1             ; 0           ; 0            ; 0             ; 0                ; 1        ;
; State.P2Stop     ; 1            ; 0             ; 0           ; 0            ; 0             ; 0                ; 1        ;
+------------------+--------------+---------------+-------------+--------------+---------------+------------------+----------+


+----------------------------------------------------------------------------------------------------+
; User-Specified and Inferred Latches                                                                ;
+-----------------------------------------------------+---------------------+------------------------+
; Latch Name                                          ; Latch Enable Signal ; Free of Timing Hazards ;
+-----------------------------------------------------+---------------------+------------------------+
; BCDNum:instance9|num2[6]                            ; GND                 ; yes                    ;
; BCDNum:instance9|num2[5]                            ; GND                 ; yes                    ;
; BCDNum:instance9|num2[4]                            ; GND                 ; yes                    ;
; BCDNum:instance9|num1[3]                            ; GND                 ; yes                    ;
; BCDNum:instance9|num2[3]                            ; GND                 ; yes                    ;
; BCDNum:instance9|num1[2]                            ; GND                 ; yes                    ;
; BCDNum:instance9|num2[2]                            ; GND                 ; yes                    ;
; BCDNum:instance9|num1[1]                            ; GND                 ; yes                    ;
; BCDNum:instance9|num2[1]                            ; GND                 ; yes                    ;
; BCDNum:instance10|num2[6]                           ; GND                 ; yes                    ;
; BCDNum:instance10|num2[5]                           ; GND                 ; yes                    ;
; BCDNum:instance10|num2[4]                           ; GND                 ; yes                    ;
; BCDNum:instance10|num1[3]                           ; GND                 ; yes                    ;
; BCDNum:instance10|num2[3]                           ; GND                 ; yes                    ;
; BCDNum:instance10|num1[2]                           ; GND                 ; yes                    ;
; BCDNum:instance10|num2[2]                           ; GND                 ; yes                    ;
; BCDNum:instance10|num1[1]                           ; GND                 ; yes                    ;
; BCDNum:instance10|num2[1]                           ; GND                 ; yes                    ;
; BCDNum:instance10|num1[0]                           ; GND                 ; yes                    ;
; BCDNum:instance9|num1[0]                            ; GND                 ; yes                    ;
; PreScaler:instance5|encoder32:instance1|eout[0]     ; GND                 ; yes                    ;
; PreScaler:instance5|encoder32:instance1|eout[1]     ; GND                 ; yes                    ;
; Number of user-specified and inferred latches = 22  ;                     ;                        ;
+-----------------------------------------------------+---------------------+------------------------+
Note: All latches listed above may not be present at the end of synthesis due to various synthesis optimizations.


+---------------------------------------------------------------------------------+
; Registers Removed During Synthesis                                              ;
+----------------------------------------+----------------------------------------+
; Register name                          ; Reason for Removal                     ;
+----------------------------------------+----------------------------------------+
; HEX3[2]~reg0                           ; Stuck at VCC due to stuck port data_in ;
; HEX3[3]~reg0                           ; Stuck at VCC due to stuck port data_in ;
; HEX2[5]~reg0                           ; Stuck at VCC due to stuck port data_in ;
; p2score[9..23,25..30]                  ; Merged with p2score[24]                ;
; p1score[10..30]                        ; Merged with p1score[9]                 ;
; HEX6[3]~reg0                           ; Merged with HEX6[0]~reg0               ;
; HEX6[4]~reg0                           ; Merged with HEX6[0]~reg0               ;
; Hex7[0]~reg0                           ; Merged with HEX6[1]~reg0               ;
; Hex7[1]~reg0                           ; Merged with HEX6[1]~reg0               ;
; Hex7[4]~reg0                           ; Merged with HEX6[1]~reg0               ;
; Hex7[5]~reg0                           ; Merged with HEX6[1]~reg0               ;
; Hex7[2]~reg0                           ; Merged with HEX6[5]~reg0               ;
; Hex7[3]~reg0                           ; Merged with HEX6[5]~reg0               ;
; HEX3[0]~reg0                           ; Merged with HEX2[1]~reg0               ;
; HEX3[1]~reg0                           ; Merged with HEX2[1]~reg0               ;
; HEX3[4]~reg0                           ; Merged with HEX2[1]~reg0               ;
; HEX3[5]~reg0                           ; Merged with HEX2[1]~reg0               ;
; HEX3[6]~reg0                           ; Merged with HEX2[1]~reg0               ;
; HEX2[3]~reg0                           ; Merged with HEX2[0]~reg0               ;
; HEX2[4]~reg0                           ; Merged with HEX2[0]~reg0               ;
; HEX2[6]~reg0                           ; Merged with HEX2[0]~reg0               ;
; Hex7[6]~reg0                           ; Stuck at GND due to stuck port data_in ;
; p2score[8]                             ; Merged with p2score[24]                ;
; p1score[9]                             ; Merged with p1score[8]                 ;
; HEX6[5]~reg0                           ; Stuck at VCC due to stuck port data_in ;
; Total Number of Removed Registers = 65 ;                                        ;
+----------------------------------------+----------------------------------------+


+------------------------------------------------------+
; General Register Statistics                          ;
+----------------------------------------------+-------+
; Statistic                                    ; Value ;
+----------------------------------------------+-------+
; Total registers                              ; 307   ;
; Number of registers using Synchronous Clear  ; 0     ;
; Number of registers using Synchronous Load   ; 1     ;
; Number of registers using Asynchronous Clear ; 8     ;
; Number of registers using Asynchronous Load  ; 0     ;
; Number of registers using Clock Enable       ; 119   ;
; Number of registers using Preset             ; 0     ;
+----------------------------------------------+-------+


+--------------------------------------------------+
; Inverted Register Statistics                     ;
+----------------------------------------+---------+
; Inverted Register                      ; Fan out ;
+----------------------------------------+---------+
; p1score[31]                            ; 4       ;
; p2score[31]                            ; 4       ;
; p1score[0]                             ; 3       ;
; p2score[0]                             ; 3       ;
; LFSRrst                                ; 16      ;
; Total number of inverted registers = 5 ;         ;
+----------------------------------------+---------+


+-----------------------------------------------------------------------------------------------------------------------------------------------------------------+
; Multiplexer Restructuring Statistics (Restructuring Performed)                                                                                                  ;
+--------------------+-----------+---------------+----------------------+------------------------+------------+---------------------------------------------------+
; Multiplexer Inputs ; Bus Width ; Baseline Area ; Area if Restructured ; Saving if Restructured ; Registered ; Example Multiplexer Output                        ;
+--------------------+-----------+---------------+----------------------+------------------------+------------+---------------------------------------------------+
; 3:1                ; 4 bits    ; 8 LEs         ; 4 LEs                ; 4 LEs                  ; Yes        ; |ReactionTImerTop|BCDCount2:instance6|counter2[2] ;
; 3:1                ; 4 bits    ; 8 LEs         ; 4 LEs                ; 4 LEs                  ; Yes        ; |ReactionTImerTop|BCDCount2:instance6|counter1[0] ;
; 3:1                ; 16 bits   ; 32 LEs        ; 16 LEs               ; 16 LEs                 ; Yes        ; |ReactionTImerTop|p2score[5]                      ;
; 4:1                ; 5 bits    ; 10 LEs        ; 10 LEs               ; 0 LEs                  ; Yes        ; |ReactionTImerTop|HEX6[1]~reg0                    ;
; 3:1                ; 4 bits    ; 8 LEs         ; 4 LEs                ; 4 LEs                  ; Yes        ; |ReactionTImerTop|p2score[0]                      ;
; 3:1                ; 2 bits    ; 4 LEs         ; 4 LEs                ; 0 LEs                  ; No         ; |ReactionTImerTop|BCDNum:instance9|num2[3]        ;
; 3:1                ; 2 bits    ; 4 LEs         ; 4 LEs                ; 0 LEs                  ; No         ; |ReactionTImerTop|BCDNum:instance10|num2[3]       ;
; 6:1                ; 2 bits    ; 8 LEs         ; 4 LEs                ; 4 LEs                  ; No         ; |ReactionTImerTop|BCDNum:instance9|num2[4]        ;
; 6:1                ; 2 bits    ; 8 LEs         ; 4 LEs                ; 4 LEs                  ; No         ; |ReactionTImerTop|BCDNum:instance10|num2[4]       ;
+--------------------+-----------+---------------+----------------------+------------------------+------------+---------------------------------------------------+


+-------------------------------------------------------------------+
; Parameter Settings for User Entity Instance: Debouncer:instance11 ;
+----------------+-------------+------------------------------------+
; Parameter Name ; Value       ; Type                               ;
+----------------+-------------+------------------------------------+
; CLK_PERIOD     ; 10000000 fs ; Physical                           ;
; DEBOUNCE_TIME  ; 50000000 fs ; Physical                           ;
+----------------+-------------+------------------------------------+
Note: In order to hide this table in the UI and the text report file, please set the "Show Parameter Settings in Synthesis Report" option in "Analysis and Synthesis Settings -> More Settings" to "Off".


+-------------------------------------------------------------------+
; Parameter Settings for User Entity Instance: Debouncer:instance12 ;
+----------------+-------------+------------------------------------+
; Parameter Name ; Value       ; Type                               ;
+----------------+-------------+------------------------------------+
; CLK_PERIOD     ; 10000000 fs ; Physical                           ;
; DEBOUNCE_TIME  ; 50000000 fs ; Physical                           ;
+----------------+-------------+------------------------------------+
Note: In order to hide this table in the UI and the text report file, please set the "Show Parameter Settings in Synthesis Report" option in "Analysis and Synthesis Settings -> More Settings" to "Off".


+-------------------------------------------------------------------+
; Parameter Settings for User Entity Instance: Debouncer:instance13 ;
+----------------+-------------+------------------------------------+
; Parameter Name ; Value       ; Type                               ;
+----------------+-------------+------------------------------------+
; CLK_PERIOD     ; 10000000 fs ; Physical                           ;
; DEBOUNCE_TIME  ; 50000000 fs ; Physical                           ;
+----------------+-------------+------------------------------------+
Note: In order to hide this table in the UI and the text report file, please set the "Show Parameter Settings in Synthesis Report" option in "Analysis and Synthesis Settings -> More Settings" to "Off".


+-------------------------------------------------------------------+
; Parameter Settings for User Entity Instance: Debouncer:instance14 ;
+----------------+-------------+------------------------------------+
; Parameter Name ; Value       ; Type                               ;
+----------------+-------------+------------------------------------+
; CLK_PERIOD     ; 10000000 fs ; Physical                           ;
; DEBOUNCE_TIME  ; 50000000 fs ; Physical                           ;
+----------------+-------------+------------------------------------+
Note: In order to hide this table in the UI and the text report file, please set the "Show Parameter Settings in Synthesis Report" option in "Analysis and Synthesis Settings -> More Settings" to "Off".


+--------------------------------------------------------------+
; Port Connectivity Checks: "LFSR:instance2|TT1MUX:instance31" ;
+------+-------+----------+------------------------------------+
; Port ; Type  ; Severity ; Details                            ;
+------+-------+----------+------------------------------------+
; x2   ; Input ; Info     ; Stuck at GND                       ;
+------+-------+----------+------------------------------------+


+--------------------------------------------------------------+
; Port Connectivity Checks: "LFSR:instance2|TT1MUX:instance30" ;
+------+-------+----------+------------------------------------+
; Port ; Type  ; Severity ; Details                            ;
+------+-------+----------+------------------------------------+
; x2   ; Input ; Info     ; Stuck at GND                       ;
+------+-------+----------+------------------------------------+


+--------------------------------------------------------------+
; Port Connectivity Checks: "LFSR:instance2|TT1MUX:instance29" ;
+------+-------+----------+------------------------------------+
; Port ; Type  ; Severity ; Details                            ;
+------+-------+----------+------------------------------------+
; x2   ; Input ; Info     ; Stuck at GND                       ;
+------+-------+----------+------------------------------------+


+--------------------------------------------------------------+
; Port Connectivity Checks: "LFSR:instance2|TT1MUX:instance28" ;
+------+-------+----------+------------------------------------+
; Port ; Type  ; Severity ; Details                            ;
+------+-------+----------+------------------------------------+
; x2   ; Input ; Info     ; Stuck at GND                       ;
+------+-------+----------+------------------------------------+


+--------------------------------------------------------------+
; Port Connectivity Checks: "LFSR:instance2|TT1MUX:instance27" ;
+------+-------+----------+------------------------------------+
; Port ; Type  ; Severity ; Details                            ;
+------+-------+----------+------------------------------------+
; x2   ; Input ; Info     ; Stuck at GND                       ;
+------+-------+----------+------------------------------------+


+--------------------------------------------------------------+
; Port Connectivity Checks: "LFSR:instance2|TT1MUX:instance26" ;
+------+-------+----------+------------------------------------+
; Port ; Type  ; Severity ; Details                            ;
+------+-------+----------+------------------------------------+
; x2   ; Input ; Info     ; Stuck at GND                       ;
+------+-------+----------+------------------------------------+


+--------------------------------------------------------------+
; Port Connectivity Checks: "LFSR:instance2|TT1MUX:instance25" ;
+------+-------+----------+------------------------------------+
; Port ; Type  ; Severity ; Details                            ;
+------+-------+----------+------------------------------------+
; x2   ; Input ; Info     ; Stuck at GND                       ;
+------+-------+----------+------------------------------------+


+--------------------------------------------------------------+
; Port Connectivity Checks: "LFSR:instance2|TT1MUX:instance24" ;
+------+-------+----------+------------------------------------+
; Port ; Type  ; Severity ; Details                            ;
+------+-------+----------+------------------------------------+
; x2   ; Input ; Info     ; Stuck at GND                       ;
+------+-------+----------+------------------------------------+


+--------------------------------------------------------------+
; Port Connectivity Checks: "LFSR:instance2|TT1MUX:instance15" ;
+------+-------+----------+------------------------------------+
; Port ; Type  ; Severity ; Details                            ;
+------+-------+----------+------------------------------------+
; x2   ; Input ; Info     ; Stuck at GND                       ;
+------+-------+----------+------------------------------------+


+--------------------------------------------------------------+
; Port Connectivity Checks: "LFSR:instance2|TT1MUX:instance14" ;
+------+-------+----------+------------------------------------+
; Port ; Type  ; Severity ; Details                            ;
+------+-------+----------+------------------------------------+
; x2   ; Input ; Info     ; Stuck at GND                       ;
+------+-------+----------+------------------------------------+


+--------------------------------------------------------------+
; Port Connectivity Checks: "LFSR:instance2|TT1MUX:instance13" ;
+------+-------+----------+------------------------------------+
; Port ; Type  ; Severity ; Details                            ;
+------+-------+----------+------------------------------------+
; x2   ; Input ; Info     ; Stuck at GND                       ;
+------+-------+----------+------------------------------------+


+--------------------------------------------------------------+
; Port Connectivity Checks: "LFSR:instance2|TT1MUX:instance12" ;
+------+-------+----------+------------------------------------+
; Port ; Type  ; Severity ; Details                            ;
+------+-------+----------+------------------------------------+
; x2   ; Input ; Info     ; Stuck at GND                       ;
+------+-------+----------+------------------------------------+


+--------------------------------------------------------------+
; Port Connectivity Checks: "LFSR:instance2|TT1MUX:instance11" ;
+------+-------+----------+------------------------------------+
; Port ; Type  ; Severity ; Details                            ;
+------+-------+----------+------------------------------------+
; x2   ; Input ; Info     ; Stuck at GND                       ;
+------+-------+----------+------------------------------------+


+--------------------------------------------------------------+
; Port Connectivity Checks: "LFSR:instance2|TT1MUX:instance10" ;
+------+-------+----------+------------------------------------+
; Port ; Type  ; Severity ; Details                            ;
+------+-------+----------+------------------------------------+
; x2   ; Input ; Info     ; Stuck at GND                       ;
+------+-------+----------+------------------------------------+


+-------------------------------------------------------------+
; Port Connectivity Checks: "LFSR:instance2|TT1MUX:instance9" ;
+------+-------+----------+-----------------------------------+
; Port ; Type  ; Severity ; Details                           ;
+------+-------+----------+-----------------------------------+
; x2   ; Input ; Info     ; Stuck at GND                      ;
+------+-------+----------+-----------------------------------+


+-------------------------------------------------------------+
; Port Connectivity Checks: "LFSR:instance2|TT1MUX:instance8" ;
+------+-------+----------+-----------------------------------+
; Port ; Type  ; Severity ; Details                           ;
+------+-------+----------+-----------------------------------+
; x2   ; Input ; Info     ; Stuck at VCC                      ;
+------+-------+----------+-----------------------------------+


+-----------------------------------------------------+
; Post-Synthesis Netlist Statistics for Top Partition ;
+-----------------------+-----------------------------+
; Type                  ; Count                       ;
+-----------------------+-----------------------------+
; boundary_port         ; 79                          ;
; cycloneiii_ff         ; 307                         ;
;     CLR               ; 1                           ;
;     ENA               ; 112                         ;
;     ENA CLR           ; 7                           ;
;     SLD               ; 1                           ;
;     plain             ; 186                         ;
; cycloneiii_lcell_comb ; 720                         ;
;     arith             ; 259                         ;
;         1 data inputs ; 2                           ;
;         2 data inputs ; 220                         ;
;         3 data inputs ; 37                          ;
;     normal            ; 461                         ;
;         0 data inputs ; 6                           ;
;         1 data inputs ; 42                          ;
;         2 data inputs ; 37                          ;
;         3 data inputs ; 181                         ;
;         4 data inputs ; 195                         ;
;                       ;                             ;
; Max LUT depth         ; 11.90                       ;
; Average LUT depth     ; 6.17                        ;
+-----------------------+-----------------------------+


+-------------------------------+
; Elapsed Time Per Partition    ;
+----------------+--------------+
; Partition Name ; Elapsed Time ;
+----------------+--------------+
; Top            ; 00:00:00     ;
+----------------+--------------+


+-------------------------------+
; Analysis & Synthesis Messages ;
+-------------------------------+
Info: *******************************************************************
Info: Running Quartus Prime Analysis & Synthesis
    Info: Version 22.1std.2 Build 922 07/20/2023 SC Lite Edition
    Info: Processing started: Wed Dec  6 16:53:14 2023
Info: Command: quartus_map --read_settings_files=on --write_settings_files=off ReactionTimer -c ReactionTimer
Warning (18236): Number of processors has not been specified which may cause overloading on shared machines.  Set the global assignment NUM_PARALLEL_PROCESSORS in your QSF to an appropriate value for best performance.
Info (20030): Parallel compilation is enabled and will use 14 of the 14 processors detected
Info (12021): Found 2 design units, including 1 entities, in source file t_ff.vhd
    Info (12022): Found design unit 1: T_FF-Behavioral File: C:/Users/steve/OneDrive/Desktop/Reaction-Timer-Steven/code/T_FF.vhd Line: 11
    Info (12023): Found entity 1: T_FF File: C:/Users/steve/OneDrive/Desktop/Reaction-Timer-Steven/code/T_FF.vhd Line: 5
Info (12021): Found 2 design units, including 1 entities, in source file d_ff.vhd
    Info (12022): Found design unit 1: D_FF-behavior File: C:/Users/steve/OneDrive/Desktop/Reaction-Timer-Steven/code/D_FF.vhd Line: 13
    Info (12023): Found entity 1: D_FF File: C:/Users/steve/OneDrive/Desktop/Reaction-Timer-Steven/code/D_FF.vhd Line: 5
Info (12021): Found 2 design units, including 1 entities, in source file encoder32.vhd
    Info (12022): Found design unit 1: encoder32-behavior File: C:/Users/steve/OneDrive/Desktop/Reaction-Timer-Steven/code/encoder32.vhd Line: 12
    Info (12023): Found entity 1: encoder32 File: C:/Users/steve/OneDrive/Desktop/Reaction-Timer-Steven/code/encoder32.vhd Line: 5
Info (12021): Found 2 design units, including 1 entities, in source file segdecoder.vhd
    Info (12022): Found design unit 1: SegDecoder-SegLogic File: C:/Users/steve/OneDrive/Desktop/Reaction-Timer-Steven/code/SegDecoder.vhd Line: 10
    Info (12023): Found entity 1: SegDecoder File: C:/Users/steve/OneDrive/Desktop/Reaction-Timer-Steven/code/SegDecoder.vhd Line: 5
Info (12021): Found 2 design units, including 1 entities, in source file prescaler.vhd
    Info (12022): Found design unit 1: PreScaler-behavior File: C:/Users/steve/OneDrive/Desktop/Reaction-Timer-Steven/code/PreScaler.vhd Line: 13
    Info (12023): Found entity 1: PreScaler File: C:/Users/steve/OneDrive/Desktop/Reaction-Timer-Steven/code/PreScaler.vhd Line: 5
Info (12021): Found 2 design units, including 1 entities, in source file lfsr.vhd
    Info (12022): Found design unit 1: LFSR-behavioral File: C:/Users/steve/OneDrive/Desktop/Reaction-Timer-Steven/code/LFSR.vhd Line: 12
    Info (12023): Found entity 1: LFSR File: C:/Users/steve/OneDrive/Desktop/Reaction-Timer-Steven/code/LFSR.vhd Line: 6
Info (12021): Found 2 design units, including 1 entities, in source file counter.vhd
    Info (12022): Found design unit 1: counter-behavioral File: C:/Users/steve/OneDrive/Desktop/Reaction-Timer-Steven/code/Counter.vhd Line: 11
    Info (12023): Found entity 1: counter File: C:/Users/steve/OneDrive/Desktop/Reaction-Timer-Steven/code/Counter.vhd Line: 5
Info (12021): Found 2 design units, including 1 entities, in source file bcdnum.vhd
    Info (12022): Found design unit 1: BCDNum-behavior File: C:/Users/steve/OneDrive/Desktop/Reaction-Timer-Steven/code/BCDNum.vhd Line: 12
    Info (12023): Found entity 1: BCDNum File: C:/Users/steve/OneDrive/Desktop/Reaction-Timer-Steven/code/BCDNum.vhd Line: 5
Info (12021): Found 2 design units, including 1 entities, in source file bcdcount2.vhd
    Info (12022): Found design unit 1: BCDCount2-Behavioral File: C:/Users/steve/OneDrive/Desktop/Reaction-Timer-Steven/code/BCDCount2.vhd Line: 15
    Info (12023): Found entity 1: BCDCount2 File: C:/Users/steve/OneDrive/Desktop/Reaction-Timer-Steven/code/BCDCount2.vhd Line: 5
Info (12021): Found 2 design units, including 1 entities, in source file debouncer.vhd
    Info (12022): Found design unit 1: Debouncer-Behavioral File: C:/Users/steve/OneDrive/Desktop/Reaction-Timer-Steven/code/Debouncer.vhd Line: 17
    Info (12023): Found entity 1: Debouncer File: C:/Users/steve/OneDrive/Desktop/Reaction-Timer-Steven/code/Debouncer.vhd Line: 5
Info (12021): Found 2 design units, including 1 entities, in source file tt1mux.vhd
    Info (12022): Found design unit 1: TT1MUX-behavior File: C:/Users/steve/OneDrive/Desktop/Reaction-Timer-Steven/code/TT1MUX.vhd Line: 14
    Info (12023): Found entity 1: TT1MUX File: C:/Users/steve/OneDrive/Desktop/Reaction-Timer-Steven/code/TT1MUX.vhd Line: 5
Info (12021): Found 2 design units, including 1 entities, in source file reactiontimertop.vhd
    Info (12022): Found design unit 1: ReactionTImerTop-behavior File: C:/Users/steve/OneDrive/Desktop/Reaction-Timer-Steven/code/ReactionTImerTop.vhd Line: 14
    Info (12023): Found entity 1: ReactionTImerTop File: C:/Users/steve/OneDrive/Desktop/Reaction-Timer-Steven/code/ReactionTImerTop.vhd Line: 5
Info (12127): Elaborating entity "ReactionTImerTop" for the top level hierarchy
Warning (12125): Using design file prescale.vhd, which is not specified as a design file for the current project, but contains definitions for 2 design units and 1 entities in project
    Info (12022): Found design unit 1: PreScale-behavior File: C:/Users/steve/OneDrive/Desktop/Reaction-Timer-Steven/code/prescale.vhd Line: 12
    Info (12023): Found entity 1: PreScale File: C:/Users/steve/OneDrive/Desktop/Reaction-Timer-Steven/code/prescale.vhd Line: 5
Info (12128): Elaborating entity "prescale" for hierarchy "prescale:instance1" File: C:/Users/steve/OneDrive/Desktop/Reaction-Timer-Steven/code/ReactionTImerTop.vhd Line: 88
Info (12128): Elaborating entity "LFSR" for hierarchy "LFSR:instance2" File: C:/Users/steve/OneDrive/Desktop/Reaction-Timer-Steven/code/ReactionTImerTop.vhd Line: 89
Warning (10540): VHDL Signal Declaration warning at LFSR.vhd(33): used explicit default value for signal "D" because signal was never assigned a value File: C:/Users/steve/OneDrive/Desktop/Reaction-Timer-Steven/code/LFSR.vhd Line: 33
Info (12128): Elaborating entity "D_FF" for hierarchy "LFSR:instance2|D_FF:instance0" File: C:/Users/steve/OneDrive/Desktop/Reaction-Timer-Steven/code/LFSR.vhd Line: 36
Info (12128): Elaborating entity "TT1MUX" for hierarchy "LFSR:instance2|TT1MUX:instance8" File: C:/Users/steve/OneDrive/Desktop/Reaction-Timer-Steven/code/LFSR.vhd Line: 44
Info (12128): Elaborating entity "SegDecoder" for hierarchy "SegDecoder:instance3" File: C:/Users/steve/OneDrive/Desktop/Reaction-Timer-Steven/code/ReactionTImerTop.vhd Line: 90
Info (12128): Elaborating entity "PreScaler" for hierarchy "PreScaler:instance5" File: C:/Users/steve/OneDrive/Desktop/Reaction-Timer-Steven/code/ReactionTImerTop.vhd Line: 92
Info (12128): Elaborating entity "encoder32" for hierarchy "PreScaler:instance5|encoder32:instance1" File: C:/Users/steve/OneDrive/Desktop/Reaction-Timer-Steven/code/PreScaler.vhd Line: 26
Warning (10631): VHDL Process Statement warning at encoder32.vhd(14): inferring latch(es) for signal or variable "eout", which holds its previous value in one or more paths through the process File: C:/Users/steve/OneDrive/Desktop/Reaction-Timer-Steven/code/encoder32.vhd Line: 14
Info (10041): Inferred latch for "eout[0]" at encoder32.vhd(14) File: C:/Users/steve/OneDrive/Desktop/Reaction-Timer-Steven/code/encoder32.vhd Line: 14
Info (10041): Inferred latch for "eout[1]" at encoder32.vhd(14) File: C:/Users/steve/OneDrive/Desktop/Reaction-Timer-Steven/code/encoder32.vhd Line: 14
Info (12128): Elaborating entity "BCDCount2" for hierarchy "BCDCount2:instance6" File: C:/Users/steve/OneDrive/Desktop/Reaction-Timer-Steven/code/ReactionTImerTop.vhd Line: 93
Info (12128): Elaborating entity "BCDNum" for hierarchy "BCDNum:instance9" File: C:/Users/steve/OneDrive/Desktop/Reaction-Timer-Steven/code/ReactionTImerTop.vhd Line: 96
Warning (10631): VHDL Process Statement warning at BCDNum.vhd(17): inferring latch(es) for signal or variable "num1", which holds its previous value in one or more paths through the process File: C:/Users/steve/OneDrive/Desktop/Reaction-Timer-Steven/code/BCDNum.vhd Line: 17
Warning (10631): VHDL Process Statement warning at BCDNum.vhd(17): inferring latch(es) for signal or variable "num2", which holds its previous value in one or more paths through the process File: C:/Users/steve/OneDrive/Desktop/Reaction-Timer-Steven/code/BCDNum.vhd Line: 17
Info (10041): Inferred latch for "num2[0]" at BCDNum.vhd(17) File: C:/Users/steve/OneDrive/Desktop/Reaction-Timer-Steven/code/BCDNum.vhd Line: 17
Info (10041): Inferred latch for "num2[1]" at BCDNum.vhd(17) File: C:/Users/steve/OneDrive/Desktop/Reaction-Timer-Steven/code/BCDNum.vhd Line: 17
Info (10041): Inferred latch for "num2[2]" at BCDNum.vhd(17) File: C:/Users/steve/OneDrive/Desktop/Reaction-Timer-Steven/code/BCDNum.vhd Line: 17
Info (10041): Inferred latch for "num2[3]" at BCDNum.vhd(17) File: C:/Users/steve/OneDrive/Desktop/Reaction-Timer-Steven/code/BCDNum.vhd Line: 17
Info (10041): Inferred latch for "num2[4]" at BCDNum.vhd(17) File: C:/Users/steve/OneDrive/Desktop/Reaction-Timer-Steven/code/BCDNum.vhd Line: 17
Info (10041): Inferred latch for "num2[5]" at BCDNum.vhd(17) File: C:/Users/steve/OneDrive/Desktop/Reaction-Timer-Steven/code/BCDNum.vhd Line: 17
Info (10041): Inferred latch for "num2[6]" at BCDNum.vhd(17) File: C:/Users/steve/OneDrive/Desktop/Reaction-Timer-Steven/code/BCDNum.vhd Line: 17
Info (10041): Inferred latch for "num2[7]" at BCDNum.vhd(17) File: C:/Users/steve/OneDrive/Desktop/Reaction-Timer-Steven/code/BCDNum.vhd Line: 17
Info (10041): Inferred latch for "num2[8]" at BCDNum.vhd(17) File: C:/Users/steve/OneDrive/Desktop/Reaction-Timer-Steven/code/BCDNum.vhd Line: 17
Info (10041): Inferred latch for "num2[9]" at BCDNum.vhd(17) File: C:/Users/steve/OneDrive/Desktop/Reaction-Timer-Steven/code/BCDNum.vhd Line: 17
Info (10041): Inferred latch for "num2[10]" at BCDNum.vhd(17) File: C:/Users/steve/OneDrive/Desktop/Reaction-Timer-Steven/code/BCDNum.vhd Line: 17
Info (10041): Inferred latch for "num2[11]" at BCDNum.vhd(17) File: C:/Users/steve/OneDrive/Desktop/Reaction-Timer-Steven/code/BCDNum.vhd Line: 17
Info (10041): Inferred latch for "num2[12]" at BCDNum.vhd(17) File: C:/Users/steve/OneDrive/Desktop/Reaction-Timer-Steven/code/BCDNum.vhd Line: 17
Info (10041): Inferred latch for "num2[13]" at BCDNum.vhd(17) File: C:/Users/steve/OneDrive/Desktop/Reaction-Timer-Steven/code/BCDNum.vhd Line: 17
Info (10041): Inferred latch for "num2[14]" at BCDNum.vhd(17) File: C:/Users/steve/OneDrive/Desktop/Reaction-Timer-Steven/code/BCDNum.vhd Line: 17
Info (10041): Inferred latch for "num2[15]" at BCDNum.vhd(17) File: C:/Users/steve/OneDrive/Desktop/Reaction-Timer-Steven/code/BCDNum.vhd Line: 17
Info (10041): Inferred latch for "num2[16]" at BCDNum.vhd(17) File: C:/Users/steve/OneDrive/Desktop/Reaction-Timer-Steven/code/BCDNum.vhd Line: 17
Info (10041): Inferred latch for "num2[17]" at BCDNum.vhd(17) File: C:/Users/steve/OneDrive/Desktop/Reaction-Timer-Steven/code/BCDNum.vhd Line: 17
Info (10041): Inferred latch for "num2[18]" at BCDNum.vhd(17) File: C:/Users/steve/OneDrive/Desktop/Reaction-Timer-Steven/code/BCDNum.vhd Line: 17
Info (10041): Inferred latch for "num2[19]" at BCDNum.vhd(17) File: C:/Users/steve/OneDrive/Desktop/Reaction-Timer-Steven/code/BCDNum.vhd Line: 17
Info (10041): Inferred latch for "num2[20]" at BCDNum.vhd(17) File: C:/Users/steve/OneDrive/Desktop/Reaction-Timer-Steven/code/BCDNum.vhd Line: 17
Info (10041): Inferred latch for "num2[21]" at BCDNum.vhd(17) File: C:/Users/steve/OneDrive/Desktop/Reaction-Timer-Steven/code/BCDNum.vhd Line: 17
Info (10041): Inferred latch for "num2[22]" at BCDNum.vhd(17) File: C:/Users/steve/OneDrive/Desktop/Reaction-Timer-Steven/code/BCDNum.vhd Line: 17
Info (10041): Inferred latch for "num2[23]" at BCDNum.vhd(17) File: C:/Users/steve/OneDrive/Desktop/Reaction-Timer-Steven/code/BCDNum.vhd Line: 17
Info (10041): Inferred latch for "num2[24]" at BCDNum.vhd(17) File: C:/Users/steve/OneDrive/Desktop/Reaction-Timer-Steven/code/BCDNum.vhd Line: 17
Info (10041): Inferred latch for "num2[25]" at BCDNum.vhd(17) File: C:/Users/steve/OneDrive/Desktop/Reaction-Timer-Steven/code/BCDNum.vhd Line: 17
Info (10041): Inferred latch for "num2[26]" at BCDNum.vhd(17) File: C:/Users/steve/OneDrive/Desktop/Reaction-Timer-Steven/code/BCDNum.vhd Line: 17
Info (10041): Inferred latch for "num2[27]" at BCDNum.vhd(17) File: C:/Users/steve/OneDrive/Desktop/Reaction-Timer-Steven/code/BCDNum.vhd Line: 17
Info (10041): Inferred latch for "num2[28]" at BCDNum.vhd(17) File: C:/Users/steve/OneDrive/Desktop/Reaction-Timer-Steven/code/BCDNum.vhd Line: 17
Info (10041): Inferred latch for "num2[29]" at BCDNum.vhd(17) File: C:/Users/steve/OneDrive/Desktop/Reaction-Timer-Steven/code/BCDNum.vhd Line: 17
Info (10041): Inferred latch for "num2[30]" at BCDNum.vhd(17) File: C:/Users/steve/OneDrive/Desktop/Reaction-Timer-Steven/code/BCDNum.vhd Line: 17
Info (10041): Inferred latch for "num2[31]" at BCDNum.vhd(17) File: C:/Users/steve/OneDrive/Desktop/Reaction-Timer-Steven/code/BCDNum.vhd Line: 17
Info (10041): Inferred latch for "num1[0]" at BCDNum.vhd(17) File: C:/Users/steve/OneDrive/Desktop/Reaction-Timer-Steven/code/BCDNum.vhd Line: 17
Info (10041): Inferred latch for "num1[1]" at BCDNum.vhd(17) File: C:/Users/steve/OneDrive/Desktop/Reaction-Timer-Steven/code/BCDNum.vhd Line: 17
Info (10041): Inferred latch for "num1[2]" at BCDNum.vhd(17) File: C:/Users/steve/OneDrive/Desktop/Reaction-Timer-Steven/code/BCDNum.vhd Line: 17
Info (10041): Inferred latch for "num1[3]" at BCDNum.vhd(17) File: C:/Users/steve/OneDrive/Desktop/Reaction-Timer-Steven/code/BCDNum.vhd Line: 17
Info (10041): Inferred latch for "num1[4]" at BCDNum.vhd(17) File: C:/Users/steve/OneDrive/Desktop/Reaction-Timer-Steven/code/BCDNum.vhd Line: 17
Info (10041): Inferred latch for "num1[5]" at BCDNum.vhd(17) File: C:/Users/steve/OneDrive/Desktop/Reaction-Timer-Steven/code/BCDNum.vhd Line: 17
Info (10041): Inferred latch for "num1[6]" at BCDNum.vhd(17) File: C:/Users/steve/OneDrive/Desktop/Reaction-Timer-Steven/code/BCDNum.vhd Line: 17
Info (10041): Inferred latch for "num1[7]" at BCDNum.vhd(17) File: C:/Users/steve/OneDrive/Desktop/Reaction-Timer-Steven/code/BCDNum.vhd Line: 17
Info (10041): Inferred latch for "num1[8]" at BCDNum.vhd(17) File: C:/Users/steve/OneDrive/Desktop/Reaction-Timer-Steven/code/BCDNum.vhd Line: 17
Info (10041): Inferred latch for "num1[9]" at BCDNum.vhd(17) File: C:/Users/steve/OneDrive/Desktop/Reaction-Timer-Steven/code/BCDNum.vhd Line: 17
Info (10041): Inferred latch for "num1[10]" at BCDNum.vhd(17) File: C:/Users/steve/OneDrive/Desktop/Reaction-Timer-Steven/code/BCDNum.vhd Line: 17
Info (10041): Inferred latch for "num1[11]" at BCDNum.vhd(17) File: C:/Users/steve/OneDrive/Desktop/Reaction-Timer-Steven/code/BCDNum.vhd Line: 17
Info (10041): Inferred latch for "num1[12]" at BCDNum.vhd(17) File: C:/Users/steve/OneDrive/Desktop/Reaction-Timer-Steven/code/BCDNum.vhd Line: 17
Info (10041): Inferred latch for "num1[13]" at BCDNum.vhd(17) File: C:/Users/steve/OneDrive/Desktop/Reaction-Timer-Steven/code/BCDNum.vhd Line: 17
Info (10041): Inferred latch for "num1[14]" at BCDNum.vhd(17) File: C:/Users/steve/OneDrive/Desktop/Reaction-Timer-Steven/code/BCDNum.vhd Line: 17
Info (10041): Inferred latch for "num1[15]" at BCDNum.vhd(17) File: C:/Users/steve/OneDrive/Desktop/Reaction-Timer-Steven/code/BCDNum.vhd Line: 17
Info (10041): Inferred latch for "num1[16]" at BCDNum.vhd(17) File: C:/Users/steve/OneDrive/Desktop/Reaction-Timer-Steven/code/BCDNum.vhd Line: 17
Info (10041): Inferred latch for "num1[17]" at BCDNum.vhd(17) File: C:/Users/steve/OneDrive/Desktop/Reaction-Timer-Steven/code/BCDNum.vhd Line: 17
Info (10041): Inferred latch for "num1[18]" at BCDNum.vhd(17) File: C:/Users/steve/OneDrive/Desktop/Reaction-Timer-Steven/code/BCDNum.vhd Line: 17
Info (10041): Inferred latch for "num1[19]" at BCDNum.vhd(17) File: C:/Users/steve/OneDrive/Desktop/Reaction-Timer-Steven/code/BCDNum.vhd Line: 17
Info (10041): Inferred latch for "num1[20]" at BCDNum.vhd(17) File: C:/Users/steve/OneDrive/Desktop/Reaction-Timer-Steven/code/BCDNum.vhd Line: 17
Info (10041): Inferred latch for "num1[21]" at BCDNum.vhd(17) File: C:/Users/steve/OneDrive/Desktop/Reaction-Timer-Steven/code/BCDNum.vhd Line: 17
Info (10041): Inferred latch for "num1[22]" at BCDNum.vhd(17) File: C:/Users/steve/OneDrive/Desktop/Reaction-Timer-Steven/code/BCDNum.vhd Line: 17
Info (10041): Inferred latch for "num1[23]" at BCDNum.vhd(17) File: C:/Users/steve/OneDrive/Desktop/Reaction-Timer-Steven/code/BCDNum.vhd Line: 17
Info (10041): Inferred latch for "num1[24]" at BCDNum.vhd(17) File: C:/Users/steve/OneDrive/Desktop/Reaction-Timer-Steven/code/BCDNum.vhd Line: 17
Info (10041): Inferred latch for "num1[25]" at BCDNum.vhd(17) File: C:/Users/steve/OneDrive/Desktop/Reaction-Timer-Steven/code/BCDNum.vhd Line: 17
Info (10041): Inferred latch for "num1[26]" at BCDNum.vhd(17) File: C:/Users/steve/OneDrive/Desktop/Reaction-Timer-Steven/code/BCDNum.vhd Line: 17
Info (10041): Inferred latch for "num1[27]" at BCDNum.vhd(17) File: C:/Users/steve/OneDrive/Desktop/Reaction-Timer-Steven/code/BCDNum.vhd Line: 17
Info (10041): Inferred latch for "num1[28]" at BCDNum.vhd(17) File: C:/Users/steve/OneDrive/Desktop/Reaction-Timer-Steven/code/BCDNum.vhd Line: 17
Info (10041): Inferred latch for "num1[29]" at BCDNum.vhd(17) File: C:/Users/steve/OneDrive/Desktop/Reaction-Timer-Steven/code/BCDNum.vhd Line: 17
Info (10041): Inferred latch for "num1[30]" at BCDNum.vhd(17) File: C:/Users/steve/OneDrive/Desktop/Reaction-Timer-Steven/code/BCDNum.vhd Line: 17
Info (10041): Inferred latch for "num1[31]" at BCDNum.vhd(17) File: C:/Users/steve/OneDrive/Desktop/Reaction-Timer-Steven/code/BCDNum.vhd Line: 17
Info (12128): Elaborating entity "Debouncer" for hierarchy "Debouncer:instance11" File: C:/Users/steve/OneDrive/Desktop/Reaction-Timer-Steven/code/ReactionTImerTop.vhd Line: 98
Warning (10492): VHDL Process Statement warning at Debouncer.vhd(37): signal "btn_sync" is read inside the Process Statement but isn't in the Process Statement's sensitivity list File: C:/Users/steve/OneDrive/Desktop/Reaction-Timer-Steven/code/Debouncer.vhd Line: 37
Warning (10492): VHDL Process Statement warning at Debouncer.vhd(37): signal "btn" is read inside the Process Statement but isn't in the Process Statement's sensitivity list File: C:/Users/steve/OneDrive/Desktop/Reaction-Timer-Steven/code/Debouncer.vhd Line: 37
Warning (10492): VHDL Process Statement warning at Debouncer.vhd(49): signal "btn_debounced" is read inside the Process Statement but isn't in the Process Statement's sensitivity list File: C:/Users/steve/OneDrive/Desktop/Reaction-Timer-Steven/code/Debouncer.vhd Line: 49
Warning (13024): Output pins are stuck at VCC or GND
    Warning (13410): Pin "Hex7[2]" is stuck at VCC File: C:/Users/steve/OneDrive/Desktop/Reaction-Timer-Steven/code/ReactionTImerTop.vhd Line: 113
    Warning (13410): Pin "Hex7[3]" is stuck at VCC File: C:/Users/steve/OneDrive/Desktop/Reaction-Timer-Steven/code/ReactionTImerTop.vhd Line: 113
    Warning (13410): Pin "Hex7[6]" is stuck at GND File: C:/Users/steve/OneDrive/Desktop/Reaction-Timer-Steven/code/ReactionTImerTop.vhd Line: 113
    Warning (13410): Pin "HEX6[5]" is stuck at VCC File: C:/Users/steve/OneDrive/Desktop/Reaction-Timer-Steven/code/ReactionTImerTop.vhd Line: 113
    Warning (13410): Pin "HEX3[2]" is stuck at VCC File: C:/Users/steve/OneDrive/Desktop/Reaction-Timer-Steven/code/ReactionTImerTop.vhd Line: 113
    Warning (13410): Pin "HEX3[3]" is stuck at VCC File: C:/Users/steve/OneDrive/Desktop/Reaction-Timer-Steven/code/ReactionTImerTop.vhd Line: 113
    Warning (13410): Pin "HEX2[5]" is stuck at VCC File: C:/Users/steve/OneDrive/Desktop/Reaction-Timer-Steven/code/ReactionTImerTop.vhd Line: 113
Info (286030): Timing-Driven Synthesis is running
Info (16010): Generating hard_block partition "hard_block:auto_generated_inst"
    Info (16011): Adding 0 node(s), including 0 DDIO, 0 PLL, 0 transceiver and 0 LCELL
Warning (21074): Design contains 14 input pin(s) that do not drive logic
    Warning (15610): No output dependent on input pin "SW[3]" File: C:/Users/steve/OneDrive/Desktop/Reaction-Timer-Steven/code/ReactionTImerTop.vhd Line: 8
    Warning (15610): No output dependent on input pin "SW[4]" File: C:/Users/steve/OneDrive/Desktop/Reaction-Timer-Steven/code/ReactionTImerTop.vhd Line: 8
    Warning (15610): No output dependent on input pin "SW[5]" File: C:/Users/steve/OneDrive/Desktop/Reaction-Timer-Steven/code/ReactionTImerTop.vhd Line: 8
    Warning (15610): No output dependent on input pin "SW[6]" File: C:/Users/steve/OneDrive/Desktop/Reaction-Timer-Steven/code/ReactionTImerTop.vhd Line: 8
    Warning (15610): No output dependent on input pin "SW[7]" File: C:/Users/steve/OneDrive/Desktop/Reaction-Timer-Steven/code/ReactionTImerTop.vhd Line: 8
    Warning (15610): No output dependent on input pin "SW[8]" File: C:/Users/steve/OneDrive/Desktop/Reaction-Timer-Steven/code/ReactionTImerTop.vhd Line: 8
    Warning (15610): No output dependent on input pin "SW[9]" File: C:/Users/steve/OneDrive/Desktop/Reaction-Timer-Steven/code/ReactionTImerTop.vhd Line: 8
    Warning (15610): No output dependent on input pin "SW[10]" File: C:/Users/steve/OneDrive/Desktop/Reaction-Timer-Steven/code/ReactionTImerTop.vhd Line: 8
    Warning (15610): No output dependent on input pin "SW[11]" File: C:/Users/steve/OneDrive/Desktop/Reaction-Timer-Steven/code/ReactionTImerTop.vhd Line: 8
    Warning (15610): No output dependent on input pin "SW[12]" File: C:/Users/steve/OneDrive/Desktop/Reaction-Timer-Steven/code/ReactionTImerTop.vhd Line: 8
    Warning (15610): No output dependent on input pin "SW[13]" File: C:/Users/steve/OneDrive/Desktop/Reaction-Timer-Steven/code/ReactionTImerTop.vhd Line: 8
    Warning (15610): No output dependent on input pin "SW[14]" File: C:/Users/steve/OneDrive/Desktop/Reaction-Timer-Steven/code/ReactionTImerTop.vhd Line: 8
    Warning (15610): No output dependent on input pin "SW[15]" File: C:/Users/steve/OneDrive/Desktop/Reaction-Timer-Steven/code/ReactionTImerTop.vhd Line: 8
    Warning (15610): No output dependent on input pin "SW[16]" File: C:/Users/steve/OneDrive/Desktop/Reaction-Timer-Steven/code/ReactionTImerTop.vhd Line: 8
Info (21057): Implemented 926 device resources after synthesis - the final resource count might be different
    Info (21058): Implemented 23 input pins
    Info (21059): Implemented 56 output pins
    Info (21061): Implemented 847 logic cells
Info: Quartus Prime Analysis & Synthesis was successful. 0 errors, 32 warnings
    Info: Peak virtual memory: 4899 megabytes
    Info: Processing ended: Wed Dec  6 16:53:27 2023
    Info: Elapsed time: 00:00:13
    Info: Total CPU time (on all processors): 00:00:03


